[debug] [2021-09-07T12:26:31.192Z] ----------------------------------------------------------------------
[debug] [2021-09-07T12:26:31.194Z] Command:       /Users/josephmaldjian/.nvm/versions/node/v14.17.6/bin/node /Users/josephmaldjian/.nvm/versions/node/v14.17.6/bin/firebase emulators:start
[debug] [2021-09-07T12:26:31.194Z] CLI Version:   9.17.0
[debug] [2021-09-07T12:26:31.194Z] Platform:      darwin
[debug] [2021-09-07T12:26:31.194Z] Node Version:  v14.17.6
[debug] [2021-09-07T12:26:31.195Z] Time:          Tue Sep 07 2021 07:26:31 GMT-0500 (Central Daylight Time)
[debug] [2021-09-07T12:26:31.195Z] ----------------------------------------------------------------------
[debug] 
[debug] [2021-09-07T12:26:31.241Z] > command requires scopes: ["email","openid","https://www.googleapis.com/auth/cloudplatformprojects.readonly","https://www.googleapis.com/auth/firebase","https://www.googleapis.com/auth/cloud-platform"]
[debug] [2021-09-07T12:26:31.243Z] > authorizing via signed-in user (minersleagueusmc@gmail.com)
[info] i  emulators: Starting emulators: auth, functions, firestore, database, hosting {"metadata":{"emulator":{"name":"hub"},"message":"Starting emulators: auth, functions, firestore, database, hosting"}}
[debug] [2021-09-07T12:26:31.258Z] [hub] writing locator at /var/folders/0k/k8gpl16d5hq4pr79v3v2v7lh0000gn/T/hub-hye-ararat.json
[warn] ⚠  functions: The following emulators are not running, calls to these services from the Functions emulator will affect production: pubsub, storage {"metadata":{"emulator":{"name":"functions"},"message":"The following emulators are not running, calls to these services from the Functions emulator will affect production: \u001b[1mpubsub, storage\u001b[22m"}}
[info] ✔  functions: Using node@14 from host. {"metadata":{"emulator":{"name":"functions"},"message":"Using node@14 from host."}}
[debug] [2021-09-07T12:26:31.281Z] defaultcredentials: writing to file /Users/josephmaldjian/.config/firebase/minersleagueusmc_gmail_com_application_default_credentials.json
[debug] [2021-09-07T12:26:31.293Z] Setting GAC to /Users/josephmaldjian/.config/firebase/minersleagueusmc_gmail_com_application_default_credentials.json {"metadata":{"emulator":{"name":"functions"},"message":"Setting GAC to /Users/josephmaldjian/.config/firebase/minersleagueusmc_gmail_com_application_default_credentials.json"}}
[debug] [2021-09-07T12:26:31.295Z] >>> [apiv2][query] GET https://firebase.googleapis.com/v1beta1/projects/hye-ararat/adminSdkConfig [none]
[debug] [2021-09-07T12:26:31.469Z] <<< [apiv2][status] GET https://firebase.googleapis.com/v1beta1/projects/hye-ararat/adminSdkConfig 200
[debug] [2021-09-07T12:26:31.469Z] <<< [apiv2][body] GET https://firebase.googleapis.com/v1beta1/projects/hye-ararat/adminSdkConfig {"projectId":"hye-ararat","databaseURL":"https://hye-ararat-default-rtdb.firebaseio.com","storageBucket":"hye-ararat.appspot.com","locationId":"us-central"}
[debug] [2021-09-07T12:26:31.502Z] Ignoring unsupported arg: projectId {"metadata":{"emulator":{"name":"firestore"},"message":"Ignoring unsupported arg: projectId"}}
[debug] [2021-09-07T12:26:31.502Z] Ignoring unsupported arg: auto_download {"metadata":{"emulator":{"name":"firestore"},"message":"Ignoring unsupported arg: auto_download"}}
[debug] [2021-09-07T12:26:31.502Z] Starting Firestore Emulator with command {"binary":"java","args":["-Dgoogle.cloud_firestore.debug_log_level=FINE","-Duser.language=en","-jar","/Users/josephmaldjian/.cache/firebase/emulators/cloud-firestore-emulator-v1.13.1.jar","--host","localhost","--port",8080,"--rules","/Users/josephmaldjian/Documents/GitHub/Ararat/firestore.rules","--functions_emulator","localhost:5001"],"optionalArgs":["port","webchannel_port","host","rules","functions_emulator","seed_from_export"],"joinArgs":false} {"metadata":{"emulator":{"name":"firestore"},"message":"Starting Firestore Emulator with command {\"binary\":\"java\",\"args\":[\"-Dgoogle.cloud_firestore.debug_log_level=FINE\",\"-Duser.language=en\",\"-jar\",\"/Users/josephmaldjian/.cache/firebase/emulators/cloud-firestore-emulator-v1.13.1.jar\",\"--host\",\"localhost\",\"--port\",8080,\"--rules\",\"/Users/josephmaldjian/Documents/GitHub/Ararat/firestore.rules\",\"--functions_emulator\",\"localhost:5001\"],\"optionalArgs\":[\"port\",\"webchannel_port\",\"host\",\"rules\",\"functions_emulator\",\"seed_from_export\"],\"joinArgs\":false}"}}
[info] i  firestore: Firestore Emulator logging to firestore-debug.log {"metadata":{"emulator":{"name":"firestore"},"message":"Firestore Emulator logging to \u001b[1mfirestore-debug.log\u001b[22m"}}
[debug] [2021-09-07T12:26:31.976Z] Sep 07, 2021 7:26:31 AM com.google.cloud.datastore.emulator.firestore.websocket.WebSocketServer start
INFO: Started WebSocket server on ws://localhost:64141
 {"metadata":{"emulator":{"name":"firestore"},"message":"Sep 07, 2021 7:26:31 AM com.google.cloud.datastore.emulator.firestore.websocket.WebSocketServer start\nINFO: Started WebSocket server on ws://localhost:64141\n"}}
[debug] [2021-09-07T12:26:32.006Z] API endpoint: http://localhost:8080
If you are using a library that supports the FIRESTORE_EMULATOR_HOST environment variable, run: {"metadata":{"emulator":{"name":"firestore"},"message":"API endpoint: http://localhost:8080\nIf you are using a library that supports the FIRESTORE_EMULATOR_HOST environment variable, run:"}}
[debug] [2021-09-07T12:26:32.006Z] 

   export FIRESTORE_EMULATOR_HOST=localhost:8080

Dev App Server is now running.

 {"metadata":{"emulator":{"name":"firestore"},"message":"\n\n   export FIRESTORE_EMULATOR_HOST=localhost:8080\n\nDev App Server is now running.\n\n"}}
[debug] [2021-09-07T12:26:32.040Z] >>> [apiv2][query] GET https://firebase.googleapis.com/v1beta1/projects/hye-ararat [none]
[debug] [2021-09-07T12:26:32.154Z] <<< [apiv2][status] GET https://firebase.googleapis.com/v1beta1/projects/hye-ararat 200
[debug] [2021-09-07T12:26:32.155Z] <<< [apiv2][body] GET https://firebase.googleapis.com/v1beta1/projects/hye-ararat {"projectId":"hye-ararat","projectNumber":"683341327800","displayName":"Ararat","name":"projects/hye-ararat","resources":{"hostingSite":"hye-ararat","realtimeDatabaseInstance":"hye-ararat-default-rtdb","storageBucket":"hye-ararat.appspot.com","locationId":"us-central"},"state":"ACTIVE"}
[debug] [2021-09-07T12:26:32.155Z] database rules config:  []
[warn] ⚠  database: Did not find a Realtime Database rules file specified in a firebase.json config file. The emulator will default to allowing all reads and writes. Learn more about this option: https://firebase.google.com/docs/emulator-suite/install_and_configure#security_rules_configuration. {"metadata":{"emulator":{"name":"database"},"message":"Did not find a Realtime Database rules file specified in a firebase.json config file. The emulator will default to allowing all reads and writes. Learn more about this option: https://firebase.google.com/docs/emulator-suite/install_and_configure#security_rules_configuration."}}
[debug] [2021-09-07T12:26:32.157Z] Ignoring unsupported arg: projectId {"metadata":{"emulator":{"name":"database"},"message":"Ignoring unsupported arg: projectId"}}
[debug] [2021-09-07T12:26:32.157Z] Ignoring unsupported arg: auto_download {"metadata":{"emulator":{"name":"database"},"message":"Ignoring unsupported arg: auto_download"}}
[debug] [2021-09-07T12:26:32.157Z] Ignoring unsupported arg: rules {"metadata":{"emulator":{"name":"database"},"message":"Ignoring unsupported arg: rules"}}
[debug] [2021-09-07T12:26:32.157Z] Starting Database Emulator with command {"binary":"java","args":["-Duser.language=en","-jar","/Users/josephmaldjian/.cache/firebase/emulators/firebase-database-emulator-v4.7.2.jar","--host","localhost","--port",9000,"--functions_emulator_host","localhost","--functions_emulator_port",5001],"optionalArgs":["port","host","functions_emulator_port","functions_emulator_host"],"joinArgs":false} {"metadata":{"emulator":{"name":"database"},"message":"Starting Database Emulator with command {\"binary\":\"java\",\"args\":[\"-Duser.language=en\",\"-jar\",\"/Users/josephmaldjian/.cache/firebase/emulators/firebase-database-emulator-v4.7.2.jar\",\"--host\",\"localhost\",\"--port\",9000,\"--functions_emulator_host\",\"localhost\",\"--functions_emulator_port\",5001],\"optionalArgs\":[\"port\",\"host\",\"functions_emulator_port\",\"functions_emulator_host\"],\"joinArgs\":false}"}}
[info] i  database: Database Emulator logging to database-debug.log {"metadata":{"emulator":{"name":"database"},"message":"Database Emulator logging to \u001b[1mdatabase-debug.log\u001b[22m"}}
[debug] [2021-09-07T12:26:32.971Z] 07:26:32.971 [NamespaceSystem-akka.actor.default-dispatcher-4] INFO akka.event.slf4j.Slf4jLogger - Slf4jLogger started
 {"metadata":{"emulator":{"name":"database"},"message":"07:26:32.971 [NamespaceSystem-akka.actor.default-dispatcher-4] INFO akka.event.slf4j.Slf4jLogger - Slf4jLogger started\n"}}
[debug] [2021-09-07T12:26:33.053Z] 07:26:33.053 [main] INFO com.firebase.server.forge.App$ - Listening at localhost:9000
 {"metadata":{"emulator":{"name":"database"},"message":"07:26:33.053 [main] INFO com.firebase.server.forge.App$ - Listening at localhost:9000\n"}}
[debug] [2021-09-07T12:26:35.046Z] >>> [apiv2][query] GET https://firebasehosting.googleapis.com/v1beta1/projects/hye-ararat/sites 
[debug] [2021-09-07T12:26:35.271Z] <<< [apiv2][status] GET https://firebasehosting.googleapis.com/v1beta1/projects/hye-ararat/sites 200
[debug] [2021-09-07T12:26:35.272Z] <<< [apiv2][body] GET https://firebasehosting.googleapis.com/v1beta1/projects/hye-ararat/sites {"sites":[{"name":"projects/683341327800/sites/hye-ararat","defaultUrl":"https://hye-ararat.web.app","type":"DEFAULT_SITE"}]}
[debug] [2021-09-07T12:26:35.272Z] >>> [apiv2][query] GET https://firebase.googleapis.com/v1beta1/projects/hye-ararat/webApps/-/config [none]
[debug] [2021-09-07T12:26:35.519Z] <<< [apiv2][status] GET https://firebase.googleapis.com/v1beta1/projects/hye-ararat/webApps/-/config 200
[debug] [2021-09-07T12:26:35.519Z] <<< [apiv2][body] GET https://firebase.googleapis.com/v1beta1/projects/hye-ararat/webApps/-/config {"projectId":"hye-ararat","appId":"1:683341327800:web:074be2874400a7e126334d","databaseURL":"https://hye-ararat-default-rtdb.firebaseio.com","storageBucket":"hye-ararat.appspot.com","locationId":"us-central","apiKey":"AIzaSyCteyiuE6o6OU5VViEhvwr9lBsMnl5PGn4","authDomain":"hye-ararat.firebaseapp.com","messagingSenderId":"683341327800","measurementId":"G-N1EZ3ZLERG"}
[info] i  hosting: Serving hosting files from: public {"metadata":{"emulator":{"name":"hosting"},"message":"Serving hosting files from: \u001b[1mpublic\u001b[22m"}}
[info] ✔  hosting: Local server: http://localhost:5000 {"metadata":{"emulator":{"name":"hosting"},"message":"Local server: \u001b[4m\u001b[1mhttp://localhost:5000\u001b[22m\u001b[24m"}}
[info] i  ui: downloading ui-v1.6.3.zip... {"metadata":{"emulator":{"name":"ui"},"message":"downloading ui-v1.6.3.zip..."}}
[debug] [2021-09-07T12:26:35.573Z] >>> [apiv2][query] GET https://storage.googleapis.com/firebase-preview-drop/emulator/ui-v1.6.3.zip 
[debug] [2021-09-07T12:26:35.632Z] <<< [apiv2][status] GET https://storage.googleapis.com/firebase-preview-drop/emulator/ui-v1.6.3.zip 200
[debug] [2021-09-07T12:26:35.633Z] <<< [apiv2][body] GET https://storage.googleapis.com/firebase-preview-drop/emulator/ui-v1.6.3.zip [stream]
[debug] [2021-09-07T12:26:35.817Z] Ignoring unsupported arg: auto_download {"metadata":{"emulator":{"name":"ui"},"message":"Ignoring unsupported arg: auto_download"}}
[debug] [2021-09-07T12:26:35.817Z] Ignoring unsupported arg: port {"metadata":{"emulator":{"name":"ui"},"message":"Ignoring unsupported arg: port"}}
[debug] [2021-09-07T12:26:35.818Z] Starting Emulator UI with command {"binary":"node","args":["/Users/josephmaldjian/.cache/firebase/emulators/ui-v1.6.3/server.bundle.js"],"optionalArgs":[],"joinArgs":false} {"metadata":{"emulator":{"name":"ui"},"message":"Starting Emulator UI with command {\"binary\":\"node\",\"args\":[\"/Users/josephmaldjian/.cache/firebase/emulators/ui-v1.6.3/server.bundle.js\"],\"optionalArgs\":[],\"joinArgs\":false}"}}
[info] i  ui: Emulator UI logging to ui-debug.log {"metadata":{"emulator":{"name":"ui"},"message":"Emulator UI logging to \u001b[1mui-debug.log\u001b[22m"}}
[debug] [2021-09-07T12:26:35.919Z] Web / API server started at localhost:4000
 {"metadata":{"emulator":{"name":"ui"},"message":"Web / API server started at localhost:4000\n"}}
[info] i  functions: Watching "/Users/josephmaldjian/Documents/GitHub/Ararat/functions" for Cloud Functions... {"metadata":{"emulator":{"name":"functions"},"message":"Watching \"/Users/josephmaldjian/Documents/GitHub/Ararat/functions\" for Cloud Functions..."}}
[debug] [2021-09-07T12:26:36.121Z] [worker-pool] addWorker(~diagnostic~) {"metadata":{"emulator":{"name":"functions"},"message":"[worker-pool] addWorker(~diagnostic~)"}}
[debug] [2021-09-07T12:26:36.122Z] [worker-pool] Adding worker with key ~diagnostic~, total=1 {"metadata":{"emulator":{"name":"functions"},"message":"[worker-pool] Adding worker with key ~diagnostic~, total=1"}}
[debug] [2021-09-07T12:26:36.122Z] [worker-pool] submitWork(triggerId=) {"metadata":{"emulator":{"name":"functions"},"message":"[worker-pool] submitWork(triggerId=)"}}
[debug] [2021-09-07T12:26:36.122Z] [worker-~diagnostic~-285611ed-8bf9-4b44-b8d1-91cdf3b80f1c]: Assigning socketPath: /var/folders/0k/k8gpl16d5hq4pr79v3v2v7lh0000gn/T/fire_emu_54463.sock {"metadata":{"emulator":{"name":"functions"},"message":"[worker-~diagnostic~-285611ed-8bf9-4b44-b8d1-91cdf3b80f1c]: Assigning socketPath: /var/folders/0k/k8gpl16d5hq4pr79v3v2v7lh0000gn/T/fire_emu_54463.sock"}}
[debug] [2021-09-07T12:26:36.122Z] [worker-~diagnostic~-285611ed-8bf9-4b44-b8d1-91cdf3b80f1c]: BUSY {"metadata":{"emulator":{"name":"functions"},"message":"[worker-~diagnostic~-285611ed-8bf9-4b44-b8d1-91cdf3b80f1c]: BUSY"}}
[debug] [2021-09-07T12:26:36.352Z] [runtime-status] [54463] Functions runtime initialized. {"cwd":"/Users/josephmaldjian/Documents/GitHub/Ararat/functions","node_version":"14.17.6"} {"metadata":{"emulator":{"name":"functions"},"message":"[runtime-status] [54463] Functions runtime initialized. {\"cwd\":\"/Users/josephmaldjian/Documents/GitHub/Ararat/functions\",\"node_version\":\"14.17.6\"}"}}
[debug] [2021-09-07T12:26:36.353Z] [runtime-status] [54463] Disabled runtime features: undefined {"metadata":{"emulator":{"name":"functions"},"message":"[runtime-status] [54463] Disabled runtime features: undefined"}}
[debug] [2021-09-07T12:26:36.355Z] [runtime-status] [54463] Resolved module firebase-admin {"declared":true,"installed":true,"version":"9.11.1","resolution":"/Users/josephmaldjian/Documents/GitHub/Ararat/functions/node_modules/firebase-admin/lib/index.js"} {"metadata":{"emulator":{"name":"functions"},"message":"[runtime-status] [54463] Resolved module firebase-admin {\"declared\":true,\"installed\":true,\"version\":\"9.11.1\",\"resolution\":\"/Users/josephmaldjian/Documents/GitHub/Ararat/functions/node_modules/firebase-admin/lib/index.js\"}"}}
[debug] [2021-09-07T12:26:36.357Z] [runtime-status] [54463] Resolved module firebase-functions {"declared":true,"installed":true,"version":"3.15.5","resolution":"/Users/josephmaldjian/Documents/GitHub/Ararat/functions/node_modules/firebase-functions/lib/index.js"} {"metadata":{"emulator":{"name":"functions"},"message":"[runtime-status] [54463] Resolved module firebase-functions {\"declared\":true,\"installed\":true,\"version\":\"3.15.5\",\"resolution\":\"/Users/josephmaldjian/Documents/GitHub/Ararat/functions/node_modules/firebase-functions/lib/index.js\"}"}}
[debug] [2021-09-07T12:26:36.360Z] [runtime-status] [54463] Resolved module firebase-functions {"declared":true,"installed":true,"version":"3.15.5","resolution":"/Users/josephmaldjian/Documents/GitHub/Ararat/functions/node_modules/firebase-functions/lib/index.js"} {"metadata":{"emulator":{"name":"functions"},"message":"[runtime-status] [54463] Resolved module firebase-functions {\"declared\":true,\"installed\":true,\"version\":\"3.15.5\",\"resolution\":\"/Users/josephmaldjian/Documents/GitHub/Ararat/functions/node_modules/firebase-functions/lib/index.js\"}"}}
[debug] [2021-09-07T12:26:36.361Z] [runtime-status] [54463] Outgoing network have been stubbed. [{"name":"http","status":"mocked"},{"name":"http","status":"mocked"},{"name":"https","status":"mocked"},{"name":"https","status":"mocked"},{"name":"net","status":"mocked"}] {"metadata":{"emulator":{"name":"functions"},"message":"[runtime-status] [54463] Outgoing network have been stubbed. [{\"name\":\"http\",\"status\":\"mocked\"},{\"name\":\"http\",\"status\":\"mocked\"},{\"name\":\"https\",\"status\":\"mocked\"},{\"name\":\"https\",\"status\":\"mocked\"},{\"name\":\"net\",\"status\":\"mocked\"}]"}}
[debug] [2021-09-07T12:26:36.362Z] [runtime-status] [54463] Resolved module firebase-functions {"declared":true,"installed":true,"version":"3.15.5","resolution":"/Users/josephmaldjian/Documents/GitHub/Ararat/functions/node_modules/firebase-functions/lib/index.js"} {"metadata":{"emulator":{"name":"functions"},"message":"[runtime-status] [54463] Resolved module firebase-functions {\"declared\":true,\"installed\":true,\"version\":\"3.15.5\",\"resolution\":\"/Users/josephmaldjian/Documents/GitHub/Ararat/functions/node_modules/firebase-functions/lib/index.js\"}"}}
[debug] [2021-09-07T12:26:36.392Z] [runtime-status] [54463] Checked functions.config() {"config":{}} {"metadata":{"emulator":{"name":"functions"},"message":"[runtime-status] [54463] Checked functions.config() {\"config\":{}}"}}
[debug] [2021-09-07T12:26:36.393Z] [runtime-status] [54463] firebase-functions has been stubbed. {"functionsResolution":{"declared":true,"installed":true,"version":"3.15.5","resolution":"/Users/josephmaldjian/Documents/GitHub/Ararat/functions/node_modules/firebase-functions/lib/index.js"}} {"metadata":{"emulator":{"name":"functions"},"message":"[runtime-status] [54463] firebase-functions has been stubbed. {\"functionsResolution\":{\"declared\":true,\"installed\":true,\"version\":\"3.15.5\",\"resolution\":\"/Users/josephmaldjian/Documents/GitHub/Ararat/functions/node_modules/firebase-functions/lib/index.js\"}}"}}
[debug] [2021-09-07T12:26:36.393Z] [runtime-status] [54463] Resolved module firebase-functions {"declared":true,"installed":true,"version":"3.15.5","resolution":"/Users/josephmaldjian/Documents/GitHub/Ararat/functions/node_modules/firebase-functions/lib/index.js"} {"metadata":{"emulator":{"name":"functions"},"message":"[runtime-status] [54463] Resolved module firebase-functions {\"declared\":true,\"installed\":true,\"version\":\"3.15.5\",\"resolution\":\"/Users/josephmaldjian/Documents/GitHub/Ararat/functions/node_modules/firebase-functions/lib/index.js\"}"}}
[debug] [2021-09-07T12:26:36.394Z] [runtime-status] [54463] Resolved module firebase-admin {"declared":true,"installed":true,"version":"9.11.1","resolution":"/Users/josephmaldjian/Documents/GitHub/Ararat/functions/node_modules/firebase-admin/lib/index.js"} {"metadata":{"emulator":{"name":"functions"},"message":"[runtime-status] [54463] Resolved module firebase-admin {\"declared\":true,\"installed\":true,\"version\":\"9.11.1\",\"resolution\":\"/Users/josephmaldjian/Documents/GitHub/Ararat/functions/node_modules/firebase-admin/lib/index.js\"}"}}
[debug] [2021-09-07T12:26:36.394Z] [runtime-status] [54463] Resolved module firebase-functions {"declared":true,"installed":true,"version":"3.15.5","resolution":"/Users/josephmaldjian/Documents/GitHub/Ararat/functions/node_modules/firebase-functions/lib/index.js"} {"metadata":{"emulator":{"name":"functions"},"message":"[runtime-status] [54463] Resolved module firebase-functions {\"declared\":true,\"installed\":true,\"version\":\"3.15.5\",\"resolution\":\"/Users/josephmaldjian/Documents/GitHub/Ararat/functions/node_modules/firebase-functions/lib/index.js\"}"}}
[debug] [2021-09-07T12:26:36.394Z] [runtime-status] [54463] firebase-admin has been stubbed. {"adminResolution":{"declared":true,"installed":true,"version":"9.11.1","resolution":"/Users/josephmaldjian/Documents/GitHub/Ararat/functions/node_modules/firebase-admin/lib/index.js"}} {"metadata":{"emulator":{"name":"functions"},"message":"[runtime-status] [54463] firebase-admin has been stubbed. {\"adminResolution\":{\"declared\":true,\"installed\":true,\"version\":\"9.11.1\",\"resolution\":\"/Users/josephmaldjian/Documents/GitHub/Ararat/functions/node_modules/firebase-admin/lib/index.js\"}}"}}
[info] 
┌─────────────────────────────────────────────────────────────┐
│ ✔  All emulators ready! It is now safe to connect your app. │
│ i  View Emulator UI at http://localhost:4000                │
└─────────────────────────────────────────────────────────────┘

┌────────────────┬────────────────┬─────────────────────────────────┐
│ Emulator       │ Host:Port      │ View in Emulator UI             │
├────────────────┼────────────────┼─────────────────────────────────┤
│ Authentication │ localhost:9099 │ http://localhost:4000/auth      │
├────────────────┼────────────────┼─────────────────────────────────┤
│ Functions      │ localhost:5001 │ http://localhost:4000/functions │
├────────────────┼────────────────┼─────────────────────────────────┤
│ Firestore      │ localhost:8080 │ http://localhost:4000/firestore │
├────────────────┼────────────────┼─────────────────────────────────┤
│ Database       │ localhost:9000 │ http://localhost:4000/database  │
├────────────────┼────────────────┼─────────────────────────────────┤
│ Hosting        │ localhost:5000 │ n/a                             │
└────────────────┴────────────────┴─────────────────────────────────┘
  Emulator Hub running at localhost:4400
  Other reserved ports: 4500

Issues? Report them at https://github.com/firebase/firebase-tools/issues and attach the *-debug.log files.
 
[debug] [2021-09-07T12:26:36.400Z] [worker-~diagnostic~-285611ed-8bf9-4b44-b8d1-91cdf3b80f1c]: IDLE {"metadata":{"emulator":{"name":"functions"},"message":"[worker-~diagnostic~-285611ed-8bf9-4b44-b8d1-91cdf3b80f1c]: IDLE"}}
[debug] [2021-09-07T12:26:45.466Z] Sep 07, 2021 7:26:45 AM io.gapi.emulators.netty.HttpVersionRoutingHandler channelRead
INFO: Detected non-HTTP/2 connection.
 {"metadata":{"emulator":{"name":"firestore"},"message":"Sep 07, 2021 7:26:45 AM io.gapi.emulators.netty.HttpVersionRoutingHandler channelRead\nINFO: Detected non-HTTP/2 connection.\n"}}
[debug] [2021-09-07T12:26:45.515Z] Sep 07, 2021 7:26:45 AM com.google.cloud.datastore.emulator.firestore.websocket.WebSocketChannelHandler initChannel
INFO: Connected to new websocket client
 {"metadata":{"emulator":{"name":"firestore"},"message":"Sep 07, 2021 7:26:45 AM com.google.cloud.datastore.emulator.firestore.websocket.WebSocketChannelHandler initChannel\nINFO: Connected to new websocket client\n"}}
[debug] [2021-09-07T12:26:45.530Z] Sep 07, 2021 7:26:45 AM io.gapi.emulators.netty.HttpVersionRoutingHandler channelRead
INFO: Detected non-HTTP/2 connection.
 {"metadata":{"emulator":{"name":"firestore"},"message":"Sep 07, 2021 7:26:45 AM io.gapi.emulators.netty.HttpVersionRoutingHandler channelRead\nINFO: Detected non-HTTP/2 connection.\n"}}
[debug] [2021-09-07T12:26:45.650Z] Sep 07, 2021 7:26:45 AM io.gapi.emulators.netty.HttpVersionRoutingHandler channelRead
INFO: Detected HTTP/2 connection.
 {"metadata":{"emulator":{"name":"firestore"},"message":"Sep 07, 2021 7:26:45 AM io.gapi.emulators.netty.HttpVersionRoutingHandler channelRead\nINFO: Detected HTTP/2 connection.\n"}}
[debug] [2021-09-07T12:26:49.423Z] Sep 07, 2021 7:26:49 AM io.gapi.emulators.netty.HttpVersionRoutingHandler channelRead
INFO: Detected non-HTTP/2 connection.
 {"metadata":{"emulator":{"name":"firestore"},"message":"Sep 07, 2021 7:26:49 AM io.gapi.emulators.netty.HttpVersionRoutingHandler channelRead\nINFO: Detected non-HTTP/2 connection.\n"}}
[debug] [2021-09-07T12:26:51.447Z] Sep 07, 2021 7:26:51 AM io.gapi.emulators.netty.HttpVersionRoutingHandler channelRead
INFO: Detected non-HTTP/2 connection.
 {"metadata":{"emulator":{"name":"firestore"},"message":"Sep 07, 2021 7:26:51 AM io.gapi.emulators.netty.HttpVersionRoutingHandler channelRead\nINFO: Detected non-HTTP/2 connection.\n"}}
[debug] [2021-09-07T12:26:53.464Z] Sep 07, 2021 7:26:53 AM io.gapi.emulators.netty.HttpVersionRoutingHandler channelRead
INFO: Detected non-HTTP/2 connection.
 {"metadata":{"emulator":{"name":"firestore"},"message":"Sep 07, 2021 7:26:53 AM io.gapi.emulators.netty.HttpVersionRoutingHandler channelRead\nINFO: Detected non-HTTP/2 connection.\n"}}
[debug] [2021-09-07T12:26:55.483Z] Sep 07, 2021 7:26:55 AM io.gapi.emulators.netty.HttpVersionRoutingHandler channelRead
INFO: Detected non-HTTP/2 connection.
 {"metadata":{"emulator":{"name":"firestore"},"message":"Sep 07, 2021 7:26:55 AM io.gapi.emulators.netty.HttpVersionRoutingHandler channelRead\nINFO: Detected non-HTTP/2 connection.\n"}}
[debug] [2021-09-07T12:26:57.503Z] Sep 07, 2021 7:26:57 AM io.gapi.emulators.netty.HttpVersionRoutingHandler channelRead
INFO: Detected non-HTTP/2 connection.
 {"metadata":{"emulator":{"name":"firestore"},"message":"Sep 07, 2021 7:26:57 AM io.gapi.emulators.netty.HttpVersionRoutingHandler channelRead\nINFO: Detected non-HTTP/2 connection.\n"}}
[debug] [2021-09-07T12:36:47.473Z] Sep 07, 2021 7:36:47 AM com.google.cloud.datastore.emulator.firestore.websocket.WebSocketChannelHandler channelClosed
INFO: Websocket client disconnected
 {"metadata":{"emulator":{"name":"firestore"},"message":"Sep 07, 2021 7:36:47 AM com.google.cloud.datastore.emulator.firestore.websocket.WebSocketChannelHandler channelClosed\nINFO: Websocket client disconnected\n"}}
